

Version:	3.50
CmdLine:	D:\IdeaProjects\CarouselFilms\out\artifacts\CarouselFilms_jar\CarouselFilms.exe --l4j-debug
JNI:		No
WOW64:		Yes
Working dir:	D:\IdeaProjects\CarouselFilms\out\artifacts\CarouselFilms_jar\.
Requires JDK:	No
Requires 64-Bit: No
Java min ver:	1.006.000_022
Java max ver:	
Substitute:	JAVA_HOME = C:\Program Files\Java\jdk-11.19
Substitute:	PATH = C:\Program Files\Common Files\Oracle\Java\javapath;C:\Windows\system32;C:\Windows;C:\Windows\System32\Wbem;C:\Windows\System32\WindowsPowerShell\v1.0\;C:\Windows\System32\OpenSSH\;C:\Program Files\dotnet\;C:\msys64\mingw64\bin;C:\Program Files\Git\cmd;C:\apache-maven-3.8.6\bin;C:\commons-lang3-3.12.0;C:\ProgramData\chocolatey\bin;C:\Program Files\Java\jdk11.19\bin;C:\Program Files\PowerShell\7-preview\preview;C:\Program Files\PowerShell\7\;C:\Users\Anem\AppData\Local\Microsoft\WindowsApps;C:\apache-maven-3.8.6;C:\commons-lang3-3.12.0;D:\drivers;C:\Program Files\Java\jdk-11.19\bin;;C:\Users\Anem\AppData\Local\Programs\Microsoft VS Code\bin;C:\Program Files\Java\jdk-11.19\bin
JRE paths:	C:\Program Files\Java\jdk-11.19;C:\Program Files\Common Files\Oracle\Java\javapath;C:\Windows\system32;C:\Windows;C:\Windows\System32\Wbem;C:\Windows\System32\WindowsPowerShell\v1.0\;C:\Windows\System32\OpenSSH\;C:\Program Files\dotnet\;C:\msys64\mingw64\bin;C:\Program Files\Git\cmd;C:\apache-maven-3.8.6\bin;C:\commons-lang3-3.12.0;C:\ProgramData\chocolatey\bin;C:\Program Files\Java\jdk11.19\bin;C:\Program Files\PowerShell\7-preview\preview;C:\Program Files\PowerShell\7\;C:\Users\Anem\AppData\Local\Microsoft\WindowsApps;C:\apache-maven-3.8.6;C:\commons-lang3-3.12.0;D:\drivers;C:\Program Files\Java\jdk-11.19\bin;;C:\Users\Anem\AppData\Local\Programs\Microsoft VS Code\bin;C:\Program Files\Java\jdk-11.19\bin
Check launcher:	C:\Program Files\Java\jdk-11.19\bin\javaw.exe (OK)
Version string: 1.011.000_019 / 64-Bit (OK)
Launcher:	C:\Program Files\Java\jdk-11.19\bin\javaw.exe
Launcher args:	-jar "D:\IdeaProjects\CarouselFilms\out\artifacts\CarouselFilms_jar\CarouselFilms.exe"
Args length:	86/32768 chars
Exit code:	0


Version:	3.50
CmdLine:	D:\IdeaProjects\CarouselFilms\out\artifacts\CarouselFilms_jar\CarouselFilms.exe --l4j-debug
JNI:		No
WOW64:		Yes
Working dir:	D:\IdeaProjects\CarouselFilms\out\artifacts\CarouselFilms_jar\.
Requires JDK:	No
Requires 64-Bit: No
Java min ver:	1.006.000_022
Java max ver:	
Substitute:	JAVA_HOME = C:\Program Files\Java\jdk-11.19
Substitute:	PATH = C:\Program Files\Common Files\Oracle\Java\javapath;C:\Windows\system32;C:\Windows;C:\Windows\System32\Wbem;C:\Windows\System32\WindowsPowerShell\v1.0\;C:\Windows\System32\OpenSSH\;C:\Program Files\dotnet\;C:\msys64\mingw64\bin;C:\Program Files\Git\cmd;C:\apache-maven-3.8.6\bin;C:\commons-lang3-3.12.0;C:\ProgramData\chocolatey\bin;C:\Program Files\Java\jdk11.19\bin;C:\Program Files\PowerShell\7-preview\preview;C:\Program Files\PowerShell\7\;C:\Users\Anem\AppData\Local\Microsoft\WindowsApps;C:\apache-maven-3.8.6;C:\commons-lang3-3.12.0;D:\drivers;C:\Program Files\Java\jdk-11.19\bin;;C:\Users\Anem\AppData\Local\Programs\Microsoft VS Code\bin;C:\Program Files\Java\jdk-11.19\bin
JRE paths:	C:\Program Files\Java\jdk-11.19;C:\Program Files\Common Files\Oracle\Java\javapath;C:\Windows\system32;C:\Windows;C:\Windows\System32\Wbem;C:\Windows\System32\WindowsPowerShell\v1.0\;C:\Windows\System32\OpenSSH\;C:\Program Files\dotnet\;C:\msys64\mingw64\bin;C:\Program Files\Git\cmd;C:\apache-maven-3.8.6\bin;C:\commons-lang3-3.12.0;C:\ProgramData\chocolatey\bin;C:\Program Files\Java\jdk11.19\bin;C:\Program Files\PowerShell\7-preview\preview;C:\Program Files\PowerShell\7\;C:\Users\Anem\AppData\Local\Microsoft\WindowsApps;C:\apache-maven-3.8.6;C:\commons-lang3-3.12.0;D:\drivers;C:\Program Files\Java\jdk-11.19\bin;;C:\Users\Anem\AppData\Local\Programs\Microsoft VS Code\bin;C:\Program Files\Java\jdk-11.19\bin
Check launcher:	C:\Program Files\Java\jdk-11.19\bin\javaw.exe (OK)
Version string: 1.011.000_019 / 64-Bit (OK)
Launcher:	C:\Program Files\Java\jdk-11.19\bin\javaw.exe
Launcher args:	-jar "D:\IdeaProjects\CarouselFilms\out\artifacts\CarouselFilms_jar\CarouselFilms.exe"
Args length:	86/32768 chars
Exit code:	0


Version:	3.50
CmdLine:	D:\IdeaProjects\CarouselFilms\out\artifacts\CarouselFilms_jar\CarouselFilms.exe --l4j-debug
JNI:		No
WOW64:		Yes
Working dir:	D:\IdeaProjects\CarouselFilms\out\artifacts\CarouselFilms_jar\.
Requires JDK:	Yes
Requires 64-Bit: No
Java min ver:	1.006.000_022
Java max ver:	
Substitute:	JAVA_HOME = C:\Program Files\Java\jdk-11.19
Substitute:	PATH = C:\Program Files\Common Files\Oracle\Java\javapath;C:\Windows\system32;C:\Windows;C:\Windows\System32\Wbem;C:\Windows\System32\WindowsPowerShell\v1.0\;C:\Windows\System32\OpenSSH\;C:\Program Files\dotnet\;C:\msys64\mingw64\bin;C:\Program Files\Git\cmd;C:\apache-maven-3.8.6\bin;C:\commons-lang3-3.12.0;C:\ProgramData\chocolatey\bin;C:\Program Files\Java\jdk11.19\bin;C:\Program Files\PowerShell\7-preview\preview;C:\Program Files\PowerShell\7\;C:\Users\Anem\AppData\Local\Microsoft\WindowsApps;C:\apache-maven-3.8.6;C:\commons-lang3-3.12.0;D:\drivers;C:\Program Files\Java\jdk-11.19\bin;;C:\Users\Anem\AppData\Local\Programs\Microsoft VS Code\bin;C:\Program Files\Java\jdk-11.19\bin
JRE paths:	C:\Program Files\Java\jdk-11.19;C:\Program Files\Common Files\Oracle\Java\javapath;C:\Windows\system32;C:\Windows;C:\Windows\System32\Wbem;C:\Windows\System32\WindowsPowerShell\v1.0\;C:\Windows\System32\OpenSSH\;C:\Program Files\dotnet\;C:\msys64\mingw64\bin;C:\Program Files\Git\cmd;C:\apache-maven-3.8.6\bin;C:\commons-lang3-3.12.0;C:\ProgramData\chocolatey\bin;C:\Program Files\Java\jdk11.19\bin;C:\Program Files\PowerShell\7-preview\preview;C:\Program Files\PowerShell\7\;C:\Users\Anem\AppData\Local\Microsoft\WindowsApps;C:\apache-maven-3.8.6;C:\commons-lang3-3.12.0;D:\drivers;C:\Program Files\Java\jdk-11.19\bin;;C:\Users\Anem\AppData\Local\Programs\Microsoft VS Code\bin;C:\Program Files\Java\jdk-11.19\bin
Check launcher:	C:\Program Files\Java\jdk-11.19\bin\javaw.exe (OK)
Check javac:	C:\Program Files\Java\jdk-11.19\bin\javac.exe (OK)
Version string: 1.011.000_019 / 64-Bit (OK)
Launcher:	C:\Program Files\Java\jdk-11.19\bin\javaw.exe
Launcher args:	-jar "D:\IdeaProjects\CarouselFilms\out\artifacts\CarouselFilms_jar\CarouselFilms.exe"
Args length:	86/32768 chars
Exit code:	0


Version:	3.50
CmdLine:	D:\IdeaProjects\CarouselFilms\out\artifacts\CarouselFilms_jar\CarouselFilms.exe --l4j-debug
JNI:		No
WOW64:		Yes
Working dir:	D:\IdeaProjects\CarouselFilms\out\artifacts\CarouselFilms_jar\.
Requires JDK:	Yes
Requires 64-Bit: No
Java min ver:	1.006.000_022
Java max ver:	
Substitute:	JAVA_HOME = C:\Program Files\Java\jdk-11.19
Substitute:	PATH = C:\Program Files\Common Files\Oracle\Java\javapath;C:\Windows\system32;C:\Windows;C:\Windows\System32\Wbem;C:\Windows\System32\WindowsPowerShell\v1.0\;C:\Windows\System32\OpenSSH\;C:\Program Files\dotnet\;C:\msys64\mingw64\bin;C:\Program Files\Git\cmd;C:\apache-maven-3.8.6\bin;C:\commons-lang3-3.12.0;C:\ProgramData\chocolatey\bin;C:\Program Files\Java\jdk11.19\bin;C:\Program Files\PowerShell\7-preview\preview;C:\Program Files\PowerShell\7\;C:\Users\Anem\AppData\Local\Microsoft\WindowsApps;C:\apache-maven-3.8.6;C:\commons-lang3-3.12.0;D:\drivers;C:\Program Files\Java\jdk-11.19\bin;;C:\Users\Anem\AppData\Local\Programs\Microsoft VS Code\bin;C:\Program Files\Java\jdk-11.19\bin
JRE paths:	C:\Program Files\Java\jdk-11.19;C:\Program Files\Common Files\Oracle\Java\javapath;C:\Windows\system32;C:\Windows;C:\Windows\System32\Wbem;C:\Windows\System32\WindowsPowerShell\v1.0\;C:\Windows\System32\OpenSSH\;C:\Program Files\dotnet\;C:\msys64\mingw64\bin;C:\Program Files\Git\cmd;C:\apache-maven-3.8.6\bin;C:\commons-lang3-3.12.0;C:\ProgramData\chocolatey\bin;C:\Program Files\Java\jdk11.19\bin;C:\Program Files\PowerShell\7-preview\preview;C:\Program Files\PowerShell\7\;C:\Users\Anem\AppData\Local\Microsoft\WindowsApps;C:\apache-maven-3.8.6;C:\commons-lang3-3.12.0;D:\drivers;C:\Program Files\Java\jdk-11.19\bin;;C:\Users\Anem\AppData\Local\Programs\Microsoft VS Code\bin;C:\Program Files\Java\jdk-11.19\bin
Check launcher:	C:\Program Files\Java\jdk-11.19\bin\javaw.exe (OK)
Check javac:	C:\Program Files\Java\jdk-11.19\bin\javac.exe (OK)
Version string: 1.011.000_019 / 64-Bit (OK)
Launcher:	C:\Program Files\Java\jdk-11.19\bin\javaw.exe
Launcher args:	-jar "D:\IdeaProjects\CarouselFilms\out\artifacts\CarouselFilms_jar\CarouselFilms.exe"
Args length:	86/32768 chars
Exit code:	0


Version:	3.50
CmdLine:	D:\IdeaProjects\CarouselFilms\out\artifacts\CarouselFilms_jar\CarouselFilms.exe --l4j-debug
JNI:		No
WOW64:		Yes
Working dir:	D:\IdeaProjects\CarouselFilms\out\artifacts\CarouselFilms_jar\.
Requires JDK:	Yes
Requires 64-Bit: No
Java min ver:	1.006.000_022
Java max ver:	
Substitute:	JAVA_HOME = C:\Program Files\Java\jdk-11.19
Substitute:	PATH = C:\Program Files\Common Files\Oracle\Java\javapath;C:\Windows\system32;C:\Windows;C:\Windows\System32\Wbem;C:\Windows\System32\WindowsPowerShell\v1.0\;C:\Windows\System32\OpenSSH\;C:\Program Files\dotnet\;C:\msys64\mingw64\bin;C:\Program Files\Git\cmd;C:\apache-maven-3.8.6\bin;C:\commons-lang3-3.12.0;C:\ProgramData\chocolatey\bin;C:\Program Files\Java\jdk11.19\bin;C:\Program Files\PowerShell\7-preview\preview;C:\Program Files\PowerShell\7\;C:\Users\Anem\AppData\Local\Microsoft\WindowsApps;C:\apache-maven-3.8.6;C:\commons-lang3-3.12.0;D:\drivers;C:\Program Files\Java\jdk-11.19\bin;;C:\Users\Anem\AppData\Local\Programs\Microsoft VS Code\bin;C:\Program Files\Java\jdk-11.19\bin
JRE paths:	C:\Program Files\Java\jdk-11.19;C:\Program Files\Common Files\Oracle\Java\javapath;C:\Windows\system32;C:\Windows;C:\Windows\System32\Wbem;C:\Windows\System32\WindowsPowerShell\v1.0\;C:\Windows\System32\OpenSSH\;C:\Program Files\dotnet\;C:\msys64\mingw64\bin;C:\Program Files\Git\cmd;C:\apache-maven-3.8.6\bin;C:\commons-lang3-3.12.0;C:\ProgramData\chocolatey\bin;C:\Program Files\Java\jdk11.19\bin;C:\Program Files\PowerShell\7-preview\preview;C:\Program Files\PowerShell\7\;C:\Users\Anem\AppData\Local\Microsoft\WindowsApps;C:\apache-maven-3.8.6;C:\commons-lang3-3.12.0;D:\drivers;C:\Program Files\Java\jdk-11.19\bin;;C:\Users\Anem\AppData\Local\Programs\Microsoft VS Code\bin;C:\Program Files\Java\jdk-11.19\bin
Check launcher:	C:\Program Files\Java\jdk-11.19\bin\javaw.exe (OK)
Check javac:	C:\Program Files\Java\jdk-11.19\bin\javac.exe (OK)
Version string: 1.011.000_019 / 64-Bit (OK)
Launcher:	C:\Program Files\Java\jdk-11.19\bin\javaw.exe
Launcher args:	-jar "D:\IdeaProjects\CarouselFilms\out\artifacts\CarouselFilms_jar\CarouselFilms.exe"
Args length:	86/32768 chars
Exit code:	0


Version:	3.50
CmdLine:	D:\IdeaProjects\CarouselFilms\out\artifacts\CarouselFilms_jar\CarouselFilms.exe --l4j-debug
JNI:		No
WOW64:		Yes
Working dir:	D:\IdeaProjects\CarouselFilms\out\artifacts\CarouselFilms_jar\.
Requires JDK:	Yes
Requires 64-Bit: No
Java min ver:	1.006.000_022
Java max ver:	
Substitute:	JAVA_HOME = C:\Program Files\Java\jdk-11.19
Substitute:	PATH = C:\Program Files\Common Files\Oracle\Java\javapath;C:\Windows\system32;C:\Windows;C:\Windows\System32\Wbem;C:\Windows\System32\WindowsPowerShell\v1.0\;C:\Windows\System32\OpenSSH\;C:\Program Files\dotnet\;C:\msys64\mingw64\bin;C:\Program Files\Git\cmd;C:\apache-maven-3.8.6\bin;C:\commons-lang3-3.12.0;C:\ProgramData\chocolatey\bin;C:\Program Files\Java\jdk11.19\bin;C:\Program Files\PowerShell\7-preview\preview;C:\Program Files\PowerShell\7\;C:\Users\Anem\AppData\Local\Microsoft\WindowsApps;C:\apache-maven-3.8.6;C:\commons-lang3-3.12.0;D:\drivers;C:\Program Files\Java\jdk-11.19\bin;;C:\Users\Anem\AppData\Local\Programs\Microsoft VS Code\bin;C:\Program Files\Java\jdk-11.19\bin
JRE paths:	C:\Program Files\Java\jdk-11.19;C:\Program Files\Common Files\Oracle\Java\javapath;C:\Windows\system32;C:\Windows;C:\Windows\System32\Wbem;C:\Windows\System32\WindowsPowerShell\v1.0\;C:\Windows\System32\OpenSSH\;C:\Program Files\dotnet\;C:\msys64\mingw64\bin;C:\Program Files\Git\cmd;C:\apache-maven-3.8.6\bin;C:\commons-lang3-3.12.0;C:\ProgramData\chocolatey\bin;C:\Program Files\Java\jdk11.19\bin;C:\Program Files\PowerShell\7-preview\preview;C:\Program Files\PowerShell\7\;C:\Users\Anem\AppData\Local\Microsoft\WindowsApps;C:\apache-maven-3.8.6;C:\commons-lang3-3.12.0;D:\drivers;C:\Program Files\Java\jdk-11.19\bin;;C:\Users\Anem\AppData\Local\Programs\Microsoft VS Code\bin;C:\Program Files\Java\jdk-11.19\bin
Check launcher:	C:\Program Files\Java\jdk-11.19\bin\javaw.exe (OK)
Check javac:	C:\Program Files\Java\jdk-11.19\bin\javac.exe (OK)
Version string: 1.011.000_019 / 64-Bit (OK)
Launcher:	C:\Program Files\Java\jdk-11.19\bin\javaw.exe
Launcher args:	-jar "D:\IdeaProjects\CarouselFilms\out\artifacts\CarouselFilms_jar\CarouselFilms.exe"
Args length:	86/32768 chars
Exit code:	0


Version:	3.50
CmdLine:	D:\IdeaProjects\CarouselFilms\out\artifacts\CarouselFilms_jar\CarouselFilms.exe --l4j-debug
JNI:		No
WOW64:		Yes
Working dir:	D:\IdeaProjects\CarouselFilms\out\artifacts\CarouselFilms_jar\.
Requires JDK:	Yes
Requires 64-Bit: No
Java min ver:	1.006.000_022
Java max ver:	
Substitute:	JAVA_HOME = C:\Program Files\Java\jdk-11.19
Substitute:	PATH = C:\Program Files\Common Files\Oracle\Java\javapath;C:\Windows\system32;C:\Windows;C:\Windows\System32\Wbem;C:\Windows\System32\WindowsPowerShell\v1.0\;C:\Windows\System32\OpenSSH\;C:\Program Files\dotnet\;C:\msys64\mingw64\bin;C:\Program Files\Git\cmd;C:\apache-maven-3.8.6\bin;C:\commons-lang3-3.12.0;C:\ProgramData\chocolatey\bin;C:\Program Files\Java\jdk11.19\bin;C:\Program Files\PowerShell\7-preview\preview;C:\Program Files\PowerShell\7\;C:\Users\Anem\AppData\Local\Microsoft\WindowsApps;C:\apache-maven-3.8.6;C:\commons-lang3-3.12.0;D:\drivers;C:\Program Files\Java\jdk-11.19\bin;;C:\Users\Anem\AppData\Local\Programs\Microsoft VS Code\bin;C:\Program Files\Java\jdk-11.19\bin
JRE paths:	C:\Program Files\Java\jdk-11.19;C:\Program Files\Common Files\Oracle\Java\javapath;C:\Windows\system32;C:\Windows;C:\Windows\System32\Wbem;C:\Windows\System32\WindowsPowerShell\v1.0\;C:\Windows\System32\OpenSSH\;C:\Program Files\dotnet\;C:\msys64\mingw64\bin;C:\Program Files\Git\cmd;C:\apache-maven-3.8.6\bin;C:\commons-lang3-3.12.0;C:\ProgramData\chocolatey\bin;C:\Program Files\Java\jdk11.19\bin;C:\Program Files\PowerShell\7-preview\preview;C:\Program Files\PowerShell\7\;C:\Users\Anem\AppData\Local\Microsoft\WindowsApps;C:\apache-maven-3.8.6;C:\commons-lang3-3.12.0;D:\drivers;C:\Program Files\Java\jdk-11.19\bin;;C:\Users\Anem\AppData\Local\Programs\Microsoft VS Code\bin;C:\Program Files\Java\jdk-11.19\bin
Check launcher:	C:\Program Files\Java\jdk-11.19\bin\javaw.exe (OK)
Check javac:	C:\Program Files\Java\jdk-11.19\bin\javac.exe (OK)
Version string: 1.011.000_019 / 64-Bit (OK)
Substitute:	EXEDIR = D:\IdeaProjects\CarouselFilms\out\artifacts\CarouselFilms_jar
Launcher:	C:\Program Files\Java\jdk-11.19\bin\javaw.exe
Launcher args:	-Dlaunch4j.exedir="D:\IdeaProjects\CarouselFilms\out\artifacts\CarouselFilms_jar" -jar "D:\IdeaProjects\CarouselFilms\out\artifacts\CarouselFilms_jar\CarouselFilms.exe"
Args length:	168/32768 chars
Exit code:	0


Version:	3.50
CmdLine:	D:\IdeaProjects\CarouselFilms\out\artifacts\CarouselFilms_jar\CarouselFilms.exe --l4j-debug
JNI:		No
WOW64:		Yes
Working dir:	D:\IdeaProjects\CarouselFilms\out\artifacts\CarouselFilms_jar\.
Requires JDK:	Yes
Requires 64-Bit: No
Java min ver:	1.006.000_022
Java max ver:	
Substitute:	JAVA_HOME = C:\Program Files\Java\jdk-11.19
Substitute:	PATH = C:\Program Files\Common Files\Oracle\Java\javapath;C:\Windows\system32;C:\Windows;C:\Windows\System32\Wbem;C:\Windows\System32\WindowsPowerShell\v1.0\;C:\Windows\System32\OpenSSH\;C:\Program Files\dotnet\;C:\msys64\mingw64\bin;C:\Program Files\Git\cmd;C:\apache-maven-3.8.6\bin;C:\commons-lang3-3.12.0;C:\ProgramData\chocolatey\bin;C:\Program Files\Java\jdk11.19\bin;C:\Program Files\PowerShell\7-preview\preview;C:\Program Files\PowerShell\7\;C:\Users\Anem\AppData\Local\Microsoft\WindowsApps;C:\apache-maven-3.8.6;C:\commons-lang3-3.12.0;D:\drivers;C:\Program Files\Java\jdk-11.19\bin;;C:\Users\Anem\AppData\Local\Programs\Microsoft VS Code\bin;C:\Program Files\Java\jdk-11.19\bin
JRE paths:	C:\Program Files\Java\jdk-11.19;C:\Program Files\Common Files\Oracle\Java\javapath;C:\Windows\system32;C:\Windows;C:\Windows\System32\Wbem;C:\Windows\System32\WindowsPowerShell\v1.0\;C:\Windows\System32\OpenSSH\;C:\Program Files\dotnet\;C:\msys64\mingw64\bin;C:\Program Files\Git\cmd;C:\apache-maven-3.8.6\bin;C:\commons-lang3-3.12.0;C:\ProgramData\chocolatey\bin;C:\Program Files\Java\jdk11.19\bin;C:\Program Files\PowerShell\7-preview\preview;C:\Program Files\PowerShell\7\;C:\Users\Anem\AppData\Local\Microsoft\WindowsApps;C:\apache-maven-3.8.6;C:\commons-lang3-3.12.0;D:\drivers;C:\Program Files\Java\jdk-11.19\bin;;C:\Users\Anem\AppData\Local\Programs\Microsoft VS Code\bin;C:\Program Files\Java\jdk-11.19\bin
Check launcher:	C:\Program Files\Java\jdk-11.19\bin\javaw.exe (OK)
Check javac:	C:\Program Files\Java\jdk-11.19\bin\javac.exe (OK)
Version string: 1.011.000_019 / 64-Bit (OK)
Substitute:	EXEDIR = D:\IdeaProjects\CarouselFilms\out\artifacts\CarouselFilms_jar
Substitute:	src/main/resources/TXT/ = 
Launcher:	C:\Program Files\Java\jdk-11.19\bin\javaw.exe
Launcher args:	-Dlaunch4j.exedir="D:\IdeaProjects\CarouselFilms\out\artifacts\CarouselFilms_jar" -jar "D:\IdeaProjects\CarouselFilms\out\artifacts\CarouselFilms_jar\CarouselFilms.exe"
Args length:	168/32768 chars
Exit code:	0


Version:	3.50
CmdLine:	D:\IdeaProjects\CarouselFilms\out\artifacts\CarouselFilms_jar\CarouselFilms.exe --l4j-debug
JNI:		No
WOW64:		Yes
Working dir:	D:\IdeaProjects\CarouselFilms\out\artifacts\CarouselFilms_jar\.
Requires JDK:	Yes
Requires 64-Bit: No
Java min ver:	1.006.000_022
Java max ver:	
Substitute:	JAVA_HOME = C:\Program Files\Java\jdk-11.19
Substitute:	PATH = C:\Program Files\Common Files\Oracle\Java\javapath;C:\Windows\system32;C:\Windows;C:\Windows\System32\Wbem;C:\Windows\System32\WindowsPowerShell\v1.0\;C:\Windows\System32\OpenSSH\;C:\Program Files\dotnet\;C:\msys64\mingw64\bin;C:\Program Files\Git\cmd;C:\apache-maven-3.8.6\bin;C:\commons-lang3-3.12.0;C:\ProgramData\chocolatey\bin;C:\Program Files\Java\jdk11.19\bin;C:\Program Files\PowerShell\7-preview\preview;C:\Program Files\PowerShell\7\;C:\Users\Anem\AppData\Local\Microsoft\WindowsApps;C:\apache-maven-3.8.6;C:\commons-lang3-3.12.0;D:\drivers;C:\Program Files\Java\jdk-11.19\bin;;C:\Users\Anem\AppData\Local\Programs\Microsoft VS Code\bin;C:\Program Files\Java\jdk-11.19\bin
JRE paths:	C:\Program Files\Java\jdk-11.19;C:\Program Files\Common Files\Oracle\Java\javapath;C:\Windows\system32;C:\Windows;C:\Windows\System32\Wbem;C:\Windows\System32\WindowsPowerShell\v1.0\;C:\Windows\System32\OpenSSH\;C:\Program Files\dotnet\;C:\msys64\mingw64\bin;C:\Program Files\Git\cmd;C:\apache-maven-3.8.6\bin;C:\commons-lang3-3.12.0;C:\ProgramData\chocolatey\bin;C:\Program Files\Java\jdk11.19\bin;C:\Program Files\PowerShell\7-preview\preview;C:\Program Files\PowerShell\7\;C:\Users\Anem\AppData\Local\Microsoft\WindowsApps;C:\apache-maven-3.8.6;C:\commons-lang3-3.12.0;D:\drivers;C:\Program Files\Java\jdk-11.19\bin;;C:\Users\Anem\AppData\Local\Programs\Microsoft VS Code\bin;C:\Program Files\Java\jdk-11.19\bin
Check launcher:	C:\Program Files\Java\jdk-11.19\bin\javaw.exe (OK)
Check javac:	C:\Program Files\Java\jdk-11.19\bin\javac.exe (OK)
Version string: 1.011.000_019 / 64-Bit (OK)
Substitute:	EXEDIR = D:\IdeaProjects\CarouselFilms\out\artifacts\CarouselFilms_jar
Substitute:	src/main/resources/TXT/ = 
Launcher:	C:\Program Files\Java\jdk-11.19\bin\javaw.exe
Launcher args:	-Dlaunch4j.exedir="D:\IdeaProjects\CarouselFilms\out\artifacts\CarouselFilms_jar" -jar "D:\IdeaProjects\CarouselFilms\out\artifacts\CarouselFilms_jar\CarouselFilms.exe"
Args length:	168/32768 chars
Exit code:	0


Version:	3.50
CmdLine:	D:\IdeaProjects\CarouselFilms\out\artifacts\CarouselFilms_jar\CarouselFilms.exe --l4j-debug
JNI:		No
WOW64:		Yes
Working dir:	D:\IdeaProjects\CarouselFilms\out\artifacts\CarouselFilms_jar\.
Requires JDK:	Yes
Requires 64-Bit: No
Java min ver:	1.006.000_022
Java max ver:	
Substitute:	JAVA_HOME = C:\Program Files\Java\jdk-11.19
Substitute:	PATH = C:\Program Files\Common Files\Oracle\Java\javapath;C:\Windows\system32;C:\Windows;C:\Windows\System32\Wbem;C:\Windows\System32\WindowsPowerShell\v1.0\;C:\Windows\System32\OpenSSH\;C:\Program Files\dotnet\;C:\msys64\mingw64\bin;C:\Program Files\Git\cmd;C:\apache-maven-3.8.6\bin;C:\commons-lang3-3.12.0;C:\ProgramData\chocolatey\bin;C:\Program Files\Java\jdk11.19\bin;C:\Program Files\PowerShell\7-preview\preview;C:\Program Files\PowerShell\7\;C:\Users\Anem\AppData\Local\Microsoft\WindowsApps;C:\apache-maven-3.8.6;C:\commons-lang3-3.12.0;D:\drivers;C:\Program Files\Java\jdk-11.19\bin;;C:\Users\Anem\AppData\Local\Programs\Microsoft VS Code\bin;C:\Program Files\Java\jdk-11.19\bin
JRE paths:	C:\Program Files\Java\jdk-11.19;C:\Program Files\Common Files\Oracle\Java\javapath;C:\Windows\system32;C:\Windows;C:\Windows\System32\Wbem;C:\Windows\System32\WindowsPowerShell\v1.0\;C:\Windows\System32\OpenSSH\;C:\Program Files\dotnet\;C:\msys64\mingw64\bin;C:\Program Files\Git\cmd;C:\apache-maven-3.8.6\bin;C:\commons-lang3-3.12.0;C:\ProgramData\chocolatey\bin;C:\Program Files\Java\jdk11.19\bin;C:\Program Files\PowerShell\7-preview\preview;C:\Program Files\PowerShell\7\;C:\Users\Anem\AppData\Local\Microsoft\WindowsApps;C:\apache-maven-3.8.6;C:\commons-lang3-3.12.0;D:\drivers;C:\Program Files\Java\jdk-11.19\bin;;C:\Users\Anem\AppData\Local\Programs\Microsoft VS Code\bin;C:\Program Files\Java\jdk-11.19\bin
Check launcher:	C:\Program Files\Java\jdk-11.19\bin\javaw.exe (OK)
Check javac:	C:\Program Files\Java\jdk-11.19\bin\javac.exe (OK)
Version string: 1.011.000_019 / 64-Bit (OK)
Substitute:	EXEDIR = D:\IdeaProjects\CarouselFilms\out\artifacts\CarouselFilms_jar
Substitute:	src/main/resources/TXT/ = 
Substitute:	src/main/resources/TXT/ = 
Launcher:	C:\Program Files\Java\jdk-11.19\bin\javaw.exe
Launcher args:	-Dlaunch4j.exedir="D:\IdeaProjects\CarouselFilms\out\artifacts\CarouselFilms_jar" -Denv.src/main/resources/txt/="" -jar "D:\IdeaProjects\CarouselFilms\out\artifacts\CarouselFilms_jar\CarouselFilms.exe"
Args length:	201/32768 chars
Exit code:	0


Version:	3.50
CmdLine:	D:\IdeaProjects\CarouselFilms\out\artifacts\CarouselFilms_jar\CarouselFilms.exe --l4j-debug
JNI:		No
WOW64:		Yes
Working dir:	D:\IdeaProjects\CarouselFilms\out\artifacts\CarouselFilms_jar\.
Requires JDK:	Yes
Requires 64-Bit: No
Java min ver:	1.006.000_022
Java max ver:	
Substitute:	JAVA_HOME = C:\Program Files\Java\jdk-11.19
Substitute:	PATH = C:\Program Files\Common Files\Oracle\Java\javapath;C:\Windows\system32;C:\Windows;C:\Windows\System32\Wbem;C:\Windows\System32\WindowsPowerShell\v1.0\;C:\Windows\System32\OpenSSH\;C:\Program Files\dotnet\;C:\msys64\mingw64\bin;C:\Program Files\Git\cmd;C:\apache-maven-3.8.6\bin;C:\commons-lang3-3.12.0;C:\ProgramData\chocolatey\bin;C:\Program Files\Java\jdk11.19\bin;C:\Program Files\PowerShell\7-preview\preview;C:\Program Files\PowerShell\7\;C:\Users\Anem\AppData\Local\Microsoft\WindowsApps;C:\apache-maven-3.8.6;C:\commons-lang3-3.12.0;D:\drivers;C:\Program Files\Java\jdk-11.19\bin;;C:\Users\Anem\AppData\Local\Programs\Microsoft VS Code\bin;C:\Program Files\Java\jdk-11.19\bin
JRE paths:	C:\Program Files\Java\jdk-11.19;C:\Program Files\Common Files\Oracle\Java\javapath;C:\Windows\system32;C:\Windows;C:\Windows\System32\Wbem;C:\Windows\System32\WindowsPowerShell\v1.0\;C:\Windows\System32\OpenSSH\;C:\Program Files\dotnet\;C:\msys64\mingw64\bin;C:\Program Files\Git\cmd;C:\apache-maven-3.8.6\bin;C:\commons-lang3-3.12.0;C:\ProgramData\chocolatey\bin;C:\Program Files\Java\jdk11.19\bin;C:\Program Files\PowerShell\7-preview\preview;C:\Program Files\PowerShell\7\;C:\Users\Anem\AppData\Local\Microsoft\WindowsApps;C:\apache-maven-3.8.6;C:\commons-lang3-3.12.0;D:\drivers;C:\Program Files\Java\jdk-11.19\bin;;C:\Users\Anem\AppData\Local\Programs\Microsoft VS Code\bin;C:\Program Files\Java\jdk-11.19\bin
Check launcher:	C:\Program Files\Java\jdk-11.19\bin\javaw.exe (OK)
Check javac:	C:\Program Files\Java\jdk-11.19\bin\javac.exe (OK)
Version string: 1.011.000_019 / 64-Bit (OK)
Launcher:	C:\Program Files\Java\jdk-11.19\bin\javaw.exe
Launcher args:	-jar "D:\IdeaProjects\CarouselFilms\out\artifacts\CarouselFilms_jar\CarouselFilms.exe"
Args length:	86/32768 chars
Exit code:	0


Version:	3.50
CmdLine:	D:\IdeaProjects\CarouselFilms\out\artifacts\CarouselFilms_jar\CarouselFilms.exe --l4j-debug
JNI:		No
WOW64:		Yes
Working dir:	D:\IdeaProjects\CarouselFilms\out\artifacts\CarouselFilms_jar\.
Requires JDK:	No
Requires 64-Bit: No
Java min ver:	1.006.000_022
Java max ver:	
Substitute:	JAVA_HOME = C:\Program Files\Java\jdk-11.19
Substitute:	PATH = C:\Program Files\Common Files\Oracle\Java\javapath;C:\Windows\system32;C:\Windows;C:\Windows\System32\Wbem;C:\Windows\System32\WindowsPowerShell\v1.0\;C:\Windows\System32\OpenSSH\;C:\Program Files\dotnet\;C:\msys64\mingw64\bin;C:\Program Files\Git\cmd;C:\apache-maven-3.8.6\bin;C:\commons-lang3-3.12.0;C:\ProgramData\chocolatey\bin;C:\Program Files\Java\jdk11.19\bin;C:\Program Files\PowerShell\7-preview\preview;C:\Program Files\PowerShell\7\;C:\Users\Anem\AppData\Local\Microsoft\WindowsApps;C:\apache-maven-3.8.6;C:\commons-lang3-3.12.0;D:\drivers;C:\Program Files\Java\jdk-11.19\bin;;C:\Users\Anem\AppData\Local\Programs\Microsoft VS Code\bin;C:\Program Files\Java\jdk-11.19\bin
JRE paths:	C:\Program Files\Java\jdk-11.19;C:\Program Files\Common Files\Oracle\Java\javapath;C:\Windows\system32;C:\Windows;C:\Windows\System32\Wbem;C:\Windows\System32\WindowsPowerShell\v1.0\;C:\Windows\System32\OpenSSH\;C:\Program Files\dotnet\;C:\msys64\mingw64\bin;C:\Program Files\Git\cmd;C:\apache-maven-3.8.6\bin;C:\commons-lang3-3.12.0;C:\ProgramData\chocolatey\bin;C:\Program Files\Java\jdk11.19\bin;C:\Program Files\PowerShell\7-preview\preview;C:\Program Files\PowerShell\7\;C:\Users\Anem\AppData\Local\Microsoft\WindowsApps;C:\apache-maven-3.8.6;C:\commons-lang3-3.12.0;D:\drivers;C:\Program Files\Java\jdk-11.19\bin;;C:\Users\Anem\AppData\Local\Programs\Microsoft VS Code\bin;C:\Program Files\Java\jdk-11.19\bin
Check launcher:	C:\Program Files\Java\jdk-11.19\bin\javaw.exe (OK)
Version string: 1.011.000_019 / 64-Bit (OK)
Launcher:	C:\Program Files\Java\jdk-11.19\bin\javaw.exe
Launcher args:	-jar "D:\IdeaProjects\CarouselFilms\out\artifacts\CarouselFilms_jar\CarouselFilms.exe"
Args length:	86/32768 chars
Exit code:	0


Version:	3.50
CmdLine:	D:\IdeaProjects\CarouselFilms\out\artifacts\CarouselFilms_jar\CarouselFilms.exe --l4j-debug
JNI:		No
WOW64:		Yes
Working dir:	D:\IdeaProjects\CarouselFilms\out\artifacts\CarouselFilms_jar\.
Requires JDK:	No
Requires 64-Bit: No
Java min ver:	1.006.000_022
Java max ver:	
Substitute:	JAVA_HOME = C:\Program Files\Java\jdk-11.19
Substitute:	PATH = C:\Program Files\Common Files\Oracle\Java\javapath;C:\Windows\system32;C:\Windows;C:\Windows\System32\Wbem;C:\Windows\System32\WindowsPowerShell\v1.0\;C:\Windows\System32\OpenSSH\;C:\Program Files\dotnet\;C:\msys64\mingw64\bin;C:\Program Files\Git\cmd;C:\apache-maven-3.8.6\bin;C:\commons-lang3-3.12.0;C:\ProgramData\chocolatey\bin;C:\Program Files\Java\jdk11.19\bin;C:\Program Files\PowerShell\7-preview\preview;C:\Program Files\PowerShell\7\;C:\Users\Anem\AppData\Local\Microsoft\WindowsApps;C:\apache-maven-3.8.6;C:\commons-lang3-3.12.0;D:\drivers;C:\Program Files\Java\jdk-11.19\bin;;C:\Users\Anem\AppData\Local\Programs\Microsoft VS Code\bin;C:\Program Files\Java\jdk-11.19\bin
JRE paths:	C:\Program Files\Java\jdk-11.19;C:\Program Files\Common Files\Oracle\Java\javapath;C:\Windows\system32;C:\Windows;C:\Windows\System32\Wbem;C:\Windows\System32\WindowsPowerShell\v1.0\;C:\Windows\System32\OpenSSH\;C:\Program Files\dotnet\;C:\msys64\mingw64\bin;C:\Program Files\Git\cmd;C:\apache-maven-3.8.6\bin;C:\commons-lang3-3.12.0;C:\ProgramData\chocolatey\bin;C:\Program Files\Java\jdk11.19\bin;C:\Program Files\PowerShell\7-preview\preview;C:\Program Files\PowerShell\7\;C:\Users\Anem\AppData\Local\Microsoft\WindowsApps;C:\apache-maven-3.8.6;C:\commons-lang3-3.12.0;D:\drivers;C:\Program Files\Java\jdk-11.19\bin;;C:\Users\Anem\AppData\Local\Programs\Microsoft VS Code\bin;C:\Program Files\Java\jdk-11.19\bin
Check launcher:	C:\Program Files\Java\jdk-11.19\bin\javaw.exe (OK)
Version string: 1.011.000_019 / 64-Bit (OK)
Launcher:	C:\Program Files\Java\jdk-11.19\bin\javaw.exe
Launcher args:	-jar "D:\IdeaProjects\CarouselFilms\out\artifacts\CarouselFilms_jar\CarouselFilms.exe"
Args length:	86/32768 chars
Exit code:	0


Version:	3.50
CmdLine:	D:\IdeaProjects\CarouselFilms\out\artifacts\CarouselFilms_jar\CarouselFilms.exe --l4j-debug
JNI:		No
WOW64:		Yes
Working dir:	D:\IdeaProjects\CarouselFilms\out\artifacts\CarouselFilms_jar\.
Requires JDK:	No
Requires 64-Bit: No
Java min ver:	1.006.000_022
Java max ver:	
Substitute:	JAVA_HOME = C:\Program Files\Java\jdk-11.19
Substitute:	PATH = C:\Program Files\Common Files\Oracle\Java\javapath;C:\Windows\system32;C:\Windows;C:\Windows\System32\Wbem;C:\Windows\System32\WindowsPowerShell\v1.0\;C:\Windows\System32\OpenSSH\;C:\Program Files\dotnet\;C:\msys64\mingw64\bin;C:\Program Files\Git\cmd;C:\apache-maven-3.8.6\bin;C:\commons-lang3-3.12.0;C:\ProgramData\chocolatey\bin;C:\Program Files\Java\jdk11.19\bin;C:\Program Files\PowerShell\7-preview\preview;C:\Program Files\PowerShell\7\;C:\Users\Anem\AppData\Local\Microsoft\WindowsApps;C:\apache-maven-3.8.6;C:\commons-lang3-3.12.0;D:\drivers;C:\Program Files\Java\jdk-11.19\bin;;C:\Users\Anem\AppData\Local\Programs\Microsoft VS Code\bin;C:\Program Files\Java\jdk-11.19\bin
JRE paths:	C:\Program Files\Java\jdk-11.19;C:\Program Files\Common Files\Oracle\Java\javapath;C:\Windows\system32;C:\Windows;C:\Windows\System32\Wbem;C:\Windows\System32\WindowsPowerShell\v1.0\;C:\Windows\System32\OpenSSH\;C:\Program Files\dotnet\;C:\msys64\mingw64\bin;C:\Program Files\Git\cmd;C:\apache-maven-3.8.6\bin;C:\commons-lang3-3.12.0;C:\ProgramData\chocolatey\bin;C:\Program Files\Java\jdk11.19\bin;C:\Program Files\PowerShell\7-preview\preview;C:\Program Files\PowerShell\7\;C:\Users\Anem\AppData\Local\Microsoft\WindowsApps;C:\apache-maven-3.8.6;C:\commons-lang3-3.12.0;D:\drivers;C:\Program Files\Java\jdk-11.19\bin;;C:\Users\Anem\AppData\Local\Programs\Microsoft VS Code\bin;C:\Program Files\Java\jdk-11.19\bin
Check launcher:	C:\Program Files\Java\jdk-11.19\bin\javaw.exe (OK)
Version string: 1.011.000_019 / 64-Bit (OK)
Launcher:	C:\Program Files\Java\jdk-11.19\bin\javaw.exe
Launcher args:	-jar "D:\IdeaProjects\CarouselFilms\out\artifacts\CarouselFilms_jar\CarouselFilms.exe"
Args length:	86/32768 chars
Exit code:	0


Version:	3.50
CmdLine:	D:\IdeaProjects\CarouselFilms\out\artifacts\CarouselFilms_jar\CarouselFilms.exe --l4j-debug
JNI:		No
WOW64:		Yes
Working dir:	D:\IdeaProjects\CarouselFilms\out\artifacts\CarouselFilms_jar\.
Requires JDK:	No
Requires 64-Bit: No
Java min ver:	1.006.000_022
Java max ver:	
Substitute:	JAVA_HOME = C:\Program Files\Java\jdk-11.19
Substitute:	PATH = C:\Program Files\Common Files\Oracle\Java\javapath;C:\Windows\system32;C:\Windows;C:\Windows\System32\Wbem;C:\Windows\System32\WindowsPowerShell\v1.0\;C:\Windows\System32\OpenSSH\;C:\Program Files\dotnet\;C:\msys64\mingw64\bin;C:\Program Files\Git\cmd;C:\apache-maven-3.8.6\bin;C:\commons-lang3-3.12.0;C:\ProgramData\chocolatey\bin;C:\Program Files\Java\jdk11.19\bin;C:\Program Files\PowerShell\7-preview\preview;C:\Program Files\PowerShell\7\;C:\Users\Anem\AppData\Local\Microsoft\WindowsApps;C:\apache-maven-3.8.6;C:\commons-lang3-3.12.0;D:\drivers;C:\Program Files\Java\jdk-11.19\bin;;C:\Users\Anem\AppData\Local\Programs\Microsoft VS Code\bin;C:\Program Files\Java\jdk-11.19\bin
JRE paths:	C:\Program Files\Java\jdk-11.19;C:\Program Files\Common Files\Oracle\Java\javapath;C:\Windows\system32;C:\Windows;C:\Windows\System32\Wbem;C:\Windows\System32\WindowsPowerShell\v1.0\;C:\Windows\System32\OpenSSH\;C:\Program Files\dotnet\;C:\msys64\mingw64\bin;C:\Program Files\Git\cmd;C:\apache-maven-3.8.6\bin;C:\commons-lang3-3.12.0;C:\ProgramData\chocolatey\bin;C:\Program Files\Java\jdk11.19\bin;C:\Program Files\PowerShell\7-preview\preview;C:\Program Files\PowerShell\7\;C:\Users\Anem\AppData\Local\Microsoft\WindowsApps;C:\apache-maven-3.8.6;C:\commons-lang3-3.12.0;D:\drivers;C:\Program Files\Java\jdk-11.19\bin;;C:\Users\Anem\AppData\Local\Programs\Microsoft VS Code\bin;C:\Program Files\Java\jdk-11.19\bin
Check launcher:	C:\Program Files\Java\jdk-11.19\bin\javaw.exe (OK)
Version string: 1.011.000_019 / 64-Bit (OK)
Launcher:	C:\Program Files\Java\jdk-11.19\bin\javaw.exe
Launcher args:	-jar "D:\IdeaProjects\CarouselFilms\out\artifacts\CarouselFilms_jar\CarouselFilms.exe"
Args length:	86/32768 chars
Exit code:	0


Version:	3.50
CmdLine:	D:\IdeaProjects\CarouselFilms\out\artifacts\CarouselFilms_jar\CarouselFilms.exe --l4j-debug
JNI:		No
WOW64:		Yes
Working dir:	D:\IdeaProjects\CarouselFilms\out\artifacts\CarouselFilms_jar\.
Requires JDK:	No
Requires 64-Bit: No
Java min ver:	1.006.000_022
Java max ver:	
Substitute:	JAVA_HOME = C:\Program Files\Java\jdk-11.19
Substitute:	PATH = C:\Program Files\Common Files\Oracle\Java\javapath;C:\Windows\system32;C:\Windows;C:\Windows\System32\Wbem;C:\Windows\System32\WindowsPowerShell\v1.0\;C:\Windows\System32\OpenSSH\;C:\Program Files\dotnet\;C:\msys64\mingw64\bin;C:\Program Files\Git\cmd;C:\apache-maven-3.8.6\bin;C:\commons-lang3-3.12.0;C:\ProgramData\chocolatey\bin;C:\Program Files\Java\jdk11.19\bin;C:\Program Files\PowerShell\7-preview\preview;C:\Program Files\PowerShell\7\;C:\Users\Anem\AppData\Local\Microsoft\WindowsApps;C:\apache-maven-3.8.6;C:\commons-lang3-3.12.0;D:\drivers;C:\Program Files\Java\jdk-11.19\bin;;C:\Users\Anem\AppData\Local\Programs\Microsoft VS Code\bin;C:\Program Files\Java\jdk-11.19\bin
JRE paths:	C:\Program Files\Java\jdk-11.19;C:\Program Files\Common Files\Oracle\Java\javapath;C:\Windows\system32;C:\Windows;C:\Windows\System32\Wbem;C:\Windows\System32\WindowsPowerShell\v1.0\;C:\Windows\System32\OpenSSH\;C:\Program Files\dotnet\;C:\msys64\mingw64\bin;C:\Program Files\Git\cmd;C:\apache-maven-3.8.6\bin;C:\commons-lang3-3.12.0;C:\ProgramData\chocolatey\bin;C:\Program Files\Java\jdk11.19\bin;C:\Program Files\PowerShell\7-preview\preview;C:\Program Files\PowerShell\7\;C:\Users\Anem\AppData\Local\Microsoft\WindowsApps;C:\apache-maven-3.8.6;C:\commons-lang3-3.12.0;D:\drivers;C:\Program Files\Java\jdk-11.19\bin;;C:\Users\Anem\AppData\Local\Programs\Microsoft VS Code\bin;C:\Program Files\Java\jdk-11.19\bin
Check launcher:	C:\Program Files\Java\jdk-11.19\bin\javaw.exe (OK)
Version string: 1.011.000_019 / 64-Bit (OK)
Launcher:	C:\Program Files\Java\jdk-11.19\bin\javaw.exe
Launcher args:	-jar "D:\IdeaProjects\CarouselFilms\out\artifacts\CarouselFilms_jar\CarouselFilms.exe"
Args length:	86/32768 chars
Exit code:	0


Version:	3.50
CmdLine:	D:\IdeaProjects\CarouselFilms\out\artifacts\CarouselFilms_jar\CarouselFilms.exe --l4j-debug
JNI:		No
WOW64:		Yes
Working dir:	D:\IdeaProjects\CarouselFilms\out\artifacts\CarouselFilms_jar\.
Requires JDK:	No
Requires 64-Bit: No
Java min ver:	1.006.000_022
Java max ver:	
Substitute:	JAVA_HOME = C:\Program Files\Java\jdk-11.19
Substitute:	PATH = C:\Program Files\Common Files\Oracle\Java\javapath;C:\Windows\system32;C:\Windows;C:\Windows\System32\Wbem;C:\Windows\System32\WindowsPowerShell\v1.0\;C:\Windows\System32\OpenSSH\;C:\Program Files\dotnet\;C:\msys64\mingw64\bin;C:\Program Files\Git\cmd;C:\apache-maven-3.8.6\bin;C:\commons-lang3-3.12.0;C:\ProgramData\chocolatey\bin;C:\Program Files\Java\jdk11.19\bin;C:\Program Files\PowerShell\7-preview\preview;C:\Program Files\PowerShell\7\;C:\Users\Anem\AppData\Local\Microsoft\WindowsApps;C:\apache-maven-3.8.6;C:\commons-lang3-3.12.0;D:\drivers;C:\Program Files\Java\jdk-11.19\bin;;C:\Users\Anem\AppData\Local\Programs\Microsoft VS Code\bin;C:\Program Files\Java\jdk-11.19\bin
JRE paths:	C:\Program Files\Java\jdk-11.19;C:\Program Files\Common Files\Oracle\Java\javapath;C:\Windows\system32;C:\Windows;C:\Windows\System32\Wbem;C:\Windows\System32\WindowsPowerShell\v1.0\;C:\Windows\System32\OpenSSH\;C:\Program Files\dotnet\;C:\msys64\mingw64\bin;C:\Program Files\Git\cmd;C:\apache-maven-3.8.6\bin;C:\commons-lang3-3.12.0;C:\ProgramData\chocolatey\bin;C:\Program Files\Java\jdk11.19\bin;C:\Program Files\PowerShell\7-preview\preview;C:\Program Files\PowerShell\7\;C:\Users\Anem\AppData\Local\Microsoft\WindowsApps;C:\apache-maven-3.8.6;C:\commons-lang3-3.12.0;D:\drivers;C:\Program Files\Java\jdk-11.19\bin;;C:\Users\Anem\AppData\Local\Programs\Microsoft VS Code\bin;C:\Program Files\Java\jdk-11.19\bin
Check launcher:	C:\Program Files\Java\jdk-11.19\bin\javaw.exe (OK)
Version string: 1.011.000_019 / 64-Bit (OK)
Launcher:	C:\Program Files\Java\jdk-11.19\bin\javaw.exe
Launcher args:	-jar "D:\IdeaProjects\CarouselFilms\out\artifacts\CarouselFilms_jar\CarouselFilms.exe"
Args length:	86/32768 chars
Exit code:	0


Version:	3.50
CmdLine:	D:\IdeaProjects\CarouselFilms\out\artifacts\CarouselFilms_jar\CarouselFilms.exe --l4j-debug
JNI:		No
WOW64:		Yes
Working dir:	D:\IdeaProjects\CarouselFilms\out\artifacts\CarouselFilms_jar\.
Requires JDK:	No
Requires 64-Bit: No
Java min ver:	1.006.000_022
Java max ver:	
Substitute:	JAVA_HOME = C:\Program Files\Java\jdk-11.19
Substitute:	PATH = C:\Program Files\Common Files\Oracle\Java\javapath;C:\Windows\system32;C:\Windows;C:\Windows\System32\Wbem;C:\Windows\System32\WindowsPowerShell\v1.0\;C:\Windows\System32\OpenSSH\;C:\Program Files\dotnet\;C:\msys64\mingw64\bin;C:\Program Files\Git\cmd;C:\apache-maven-3.8.6\bin;C:\commons-lang3-3.12.0;C:\ProgramData\chocolatey\bin;C:\Program Files\Java\jdk11.19\bin;C:\Program Files\PowerShell\7-preview\preview;C:\Program Files\PowerShell\7\;C:\Users\Anem\AppData\Local\Microsoft\WindowsApps;C:\apache-maven-3.8.6;C:\commons-lang3-3.12.0;D:\drivers;C:\Program Files\Java\jdk-11.19\bin;;C:\Users\Anem\AppData\Local\Programs\Microsoft VS Code\bin;C:\Program Files\Java\jdk-11.19\bin
JRE paths:	C:\Program Files\Java\jdk-11.19;C:\Program Files\Common Files\Oracle\Java\javapath;C:\Windows\system32;C:\Windows;C:\Windows\System32\Wbem;C:\Windows\System32\WindowsPowerShell\v1.0\;C:\Windows\System32\OpenSSH\;C:\Program Files\dotnet\;C:\msys64\mingw64\bin;C:\Program Files\Git\cmd;C:\apache-maven-3.8.6\bin;C:\commons-lang3-3.12.0;C:\ProgramData\chocolatey\bin;C:\Program Files\Java\jdk11.19\bin;C:\Program Files\PowerShell\7-preview\preview;C:\Program Files\PowerShell\7\;C:\Users\Anem\AppData\Local\Microsoft\WindowsApps;C:\apache-maven-3.8.6;C:\commons-lang3-3.12.0;D:\drivers;C:\Program Files\Java\jdk-11.19\bin;;C:\Users\Anem\AppData\Local\Programs\Microsoft VS Code\bin;C:\Program Files\Java\jdk-11.19\bin
Check launcher:	C:\Program Files\Java\jdk-11.19\bin\javaw.exe (OK)
Version string: 1.011.000_019 / 64-Bit (OK)
Launcher:	C:\Program Files\Java\jdk-11.19\bin\javaw.exe
Launcher args:	-jar "D:\IdeaProjects\CarouselFilms\out\artifacts\CarouselFilms_jar\CarouselFilms.exe"
Args length:	86/32768 chars
Exit code:	0


Version:	3.50
CmdLine:	D:\IdeaProjects\CarouselFilms\out\artifacts\CarouselFilms_jar\CarouselFilms.exe --l4j-debug
JNI:		No
WOW64:		Yes
Working dir:	D:\IdeaProjects\CarouselFilms\out\artifacts\CarouselFilms_jar\.
Requires JDK:	No
Requires 64-Bit: No
Java min ver:	1.006.000_022
Java max ver:	
Substitute:	JAVA_HOME = C:\Program Files\Java\jdk-11.19
Substitute:	PATH = C:\Program Files\Common Files\Oracle\Java\javapath;C:\Windows\system32;C:\Windows;C:\Windows\System32\Wbem;C:\Windows\System32\WindowsPowerShell\v1.0\;C:\Windows\System32\OpenSSH\;C:\Program Files\dotnet\;C:\msys64\mingw64\bin;C:\Program Files\Git\cmd;C:\apache-maven-3.8.6\bin;C:\commons-lang3-3.12.0;C:\ProgramData\chocolatey\bin;C:\Program Files\Java\jdk11.19\bin;C:\Program Files\PowerShell\7-preview\preview;C:\Program Files\PowerShell\7\;C:\Users\Anem\AppData\Local\Microsoft\WindowsApps;C:\apache-maven-3.8.6;C:\commons-lang3-3.12.0;D:\drivers;C:\Program Files\Java\jdk-11.19\bin;;C:\Users\Anem\AppData\Local\Programs\Microsoft VS Code\bin;C:\Program Files\Java\jdk-11.19\bin
JRE paths:	C:\Program Files\Java\jdk-11.19;C:\Program Files\Common Files\Oracle\Java\javapath;C:\Windows\system32;C:\Windows;C:\Windows\System32\Wbem;C:\Windows\System32\WindowsPowerShell\v1.0\;C:\Windows\System32\OpenSSH\;C:\Program Files\dotnet\;C:\msys64\mingw64\bin;C:\Program Files\Git\cmd;C:\apache-maven-3.8.6\bin;C:\commons-lang3-3.12.0;C:\ProgramData\chocolatey\bin;C:\Program Files\Java\jdk11.19\bin;C:\Program Files\PowerShell\7-preview\preview;C:\Program Files\PowerShell\7\;C:\Users\Anem\AppData\Local\Microsoft\WindowsApps;C:\apache-maven-3.8.6;C:\commons-lang3-3.12.0;D:\drivers;C:\Program Files\Java\jdk-11.19\bin;;C:\Users\Anem\AppData\Local\Programs\Microsoft VS Code\bin;C:\Program Files\Java\jdk-11.19\bin
Check launcher:	C:\Program Files\Java\jdk-11.19\bin\javaw.exe (OK)
Version string: 1.011.000_019 / 64-Bit (OK)
Substitute:	Films.txt = 
Launcher:	C:\Program Files\Java\jdk-11.19\bin\javaw.exe
Launcher args:	-Denv.films.txt="" -jar "D:\IdeaProjects\CarouselFilms\out\artifacts\CarouselFilms_jar\CarouselFilms.exe"
Args length:	105/32768 chars
Exit code:	0


Version:	3.50
CmdLine:	D:\IdeaProjects\CarouselFilms\out\artifacts\CarouselFilms_jar\CarouselFilms.exe --l4j-debug
JNI:		No
WOW64:		Yes
Working dir:	D:\IdeaProjects\CarouselFilms\out\artifacts\CarouselFilms_jar\.
Requires JDK:	No
Requires 64-Bit: No
Java min ver:	1.006.000_022
Java max ver:	
Substitute:	JAVA_HOME = C:\Program Files\Java\jdk-11.19
Substitute:	PATH = C:\Program Files\Common Files\Oracle\Java\javapath;C:\Windows\system32;C:\Windows;C:\Windows\System32\Wbem;C:\Windows\System32\WindowsPowerShell\v1.0\;C:\Windows\System32\OpenSSH\;C:\Program Files\dotnet\;C:\msys64\mingw64\bin;C:\Program Files\Git\cmd;C:\apache-maven-3.8.6\bin;C:\commons-lang3-3.12.0;C:\ProgramData\chocolatey\bin;C:\Program Files\Java\jdk11.19\bin;C:\Program Files\PowerShell\7-preview\preview;C:\Program Files\PowerShell\7\;C:\Users\Anem\AppData\Local\Microsoft\WindowsApps;C:\apache-maven-3.8.6;C:\commons-lang3-3.12.0;D:\drivers;C:\Program Files\Java\jdk-11.19\bin;;C:\Users\Anem\AppData\Local\Programs\Microsoft VS Code\bin;C:\Program Files\Java\jdk-11.19\bin
JRE paths:	C:\Program Files\Java\jdk-11.19;C:\Program Files\Common Files\Oracle\Java\javapath;C:\Windows\system32;C:\Windows;C:\Windows\System32\Wbem;C:\Windows\System32\WindowsPowerShell\v1.0\;C:\Windows\System32\OpenSSH\;C:\Program Files\dotnet\;C:\msys64\mingw64\bin;C:\Program Files\Git\cmd;C:\apache-maven-3.8.6\bin;C:\commons-lang3-3.12.0;C:\ProgramData\chocolatey\bin;C:\Program Files\Java\jdk11.19\bin;C:\Program Files\PowerShell\7-preview\preview;C:\Program Files\PowerShell\7\;C:\Users\Anem\AppData\Local\Microsoft\WindowsApps;C:\apache-maven-3.8.6;C:\commons-lang3-3.12.0;D:\drivers;C:\Program Files\Java\jdk-11.19\bin;;C:\Users\Anem\AppData\Local\Programs\Microsoft VS Code\bin;C:\Program Files\Java\jdk-11.19\bin
Check launcher:	C:\Program Files\Java\jdk-11.19\bin\javaw.exe (OK)
Version string: 1.011.000_019 / 64-Bit (OK)
Substitute:	Films.txt = 
Launcher:	C:\Program Files\Java\jdk-11.19\bin\javaw.exe
Launcher args:	 -jar "D:\IdeaProjects\CarouselFilms\out\artifacts\CarouselFilms_jar\CarouselFilms.exe"
Args length:	87/32768 chars
Exit code:	0


Version:	3.50
CmdLine:	D:\IdeaProjects\CarouselFilms\out\artifacts\CarouselFilms_jar\CarouselFilms.exe --l4j-debug
JNI:		No
WOW64:		Yes
Working dir:	D:\IdeaProjects\CarouselFilms\out\artifacts\CarouselFilms_jar\.
Requires JDK:	No
Requires 64-Bit: No
Java min ver:	1.006.000_022
Java max ver:	
Substitute:	JAVA_HOME = C:\Program Files\Java\jdk-11.19
Substitute:	PATH = C:\Program Files\Common Files\Oracle\Java\javapath;C:\Windows\system32;C:\Windows;C:\Windows\System32\Wbem;C:\Windows\System32\WindowsPowerShell\v1.0\;C:\Windows\System32\OpenSSH\;C:\Program Files\dotnet\;C:\msys64\mingw64\bin;C:\Program Files\Git\cmd;C:\apache-maven-3.8.6\bin;C:\commons-lang3-3.12.0;C:\ProgramData\chocolatey\bin;C:\Program Files\Java\jdk11.19\bin;C:\Program Files\PowerShell\7-preview\preview;C:\Program Files\PowerShell\7\;C:\Users\Anem\AppData\Local\Microsoft\WindowsApps;C:\apache-maven-3.8.6;C:\commons-lang3-3.12.0;D:\drivers;C:\Program Files\Java\jdk-11.19\bin;;C:\Users\Anem\AppData\Local\Programs\Microsoft VS Code\bin;C:\Program Files\Java\jdk-11.19\bin
JRE paths:	C:\Program Files\Java\jdk-11.19;C:\Program Files\Common Files\Oracle\Java\javapath;C:\Windows\system32;C:\Windows;C:\Windows\System32\Wbem;C:\Windows\System32\WindowsPowerShell\v1.0\;C:\Windows\System32\OpenSSH\;C:\Program Files\dotnet\;C:\msys64\mingw64\bin;C:\Program Files\Git\cmd;C:\apache-maven-3.8.6\bin;C:\commons-lang3-3.12.0;C:\ProgramData\chocolatey\bin;C:\Program Files\Java\jdk11.19\bin;C:\Program Files\PowerShell\7-preview\preview;C:\Program Files\PowerShell\7\;C:\Users\Anem\AppData\Local\Microsoft\WindowsApps;C:\apache-maven-3.8.6;C:\commons-lang3-3.12.0;D:\drivers;C:\Program Files\Java\jdk-11.19\bin;;C:\Users\Anem\AppData\Local\Programs\Microsoft VS Code\bin;C:\Program Files\Java\jdk-11.19\bin
Check launcher:	C:\Program Files\Java\jdk-11.19\bin\javaw.exe (OK)
Version string: 1.011.000_019 / 64-Bit (OK)
Launcher:	C:\Program Files\Java\jdk-11.19\bin\javaw.exe
Launcher args:	-jar "D:\IdeaProjects\CarouselFilms\out\artifacts\CarouselFilms_jar\CarouselFilms.exe"
Args length:	86/32768 chars
Exit code:	0


Version:	3.50
CmdLine:	D:\IdeaProjects\CarouselFilms\out\artifacts\CarouselFilms_jar\CarouselFilms.exe --l4j-debug
JNI:		No
WOW64:		Yes
Working dir:	D:\IdeaProjects\CarouselFilms\out\artifacts\CarouselFilms_jar\.
Requires JDK:	No
Requires 64-Bit: No
Java min ver:	1.006.000_022
Java max ver:	
Substitute:	JAVA_HOME = C:\Program Files\Java\jdk-11.19
Substitute:	PATH = C:\Program Files\Common Files\Oracle\Java\javapath;C:\Windows\system32;C:\Windows;C:\Windows\System32\Wbem;C:\Windows\System32\WindowsPowerShell\v1.0\;C:\Windows\System32\OpenSSH\;C:\Program Files\dotnet\;C:\msys64\mingw64\bin;C:\Program Files\Git\cmd;C:\apache-maven-3.8.6\bin;C:\commons-lang3-3.12.0;C:\ProgramData\chocolatey\bin;C:\Program Files\Java\jdk11.19\bin;C:\Program Files\PowerShell\7-preview\preview;C:\Program Files\PowerShell\7\;C:\Users\Anem\AppData\Local\Microsoft\WindowsApps;C:\apache-maven-3.8.6;C:\commons-lang3-3.12.0;D:\drivers;C:\Program Files\Java\jdk-11.19\bin;;C:\Users\Anem\AppData\Local\Programs\Microsoft VS Code\bin;C:\Program Files\Java\jdk-11.19\bin
JRE paths:	C:\Program Files\Java\jdk-11.19;C:\Program Files\Common Files\Oracle\Java\javapath;C:\Windows\system32;C:\Windows;C:\Windows\System32\Wbem;C:\Windows\System32\WindowsPowerShell\v1.0\;C:\Windows\System32\OpenSSH\;C:\Program Files\dotnet\;C:\msys64\mingw64\bin;C:\Program Files\Git\cmd;C:\apache-maven-3.8.6\bin;C:\commons-lang3-3.12.0;C:\ProgramData\chocolatey\bin;C:\Program Files\Java\jdk11.19\bin;C:\Program Files\PowerShell\7-preview\preview;C:\Program Files\PowerShell\7\;C:\Users\Anem\AppData\Local\Microsoft\WindowsApps;C:\apache-maven-3.8.6;C:\commons-lang3-3.12.0;D:\drivers;C:\Program Files\Java\jdk-11.19\bin;;C:\Users\Anem\AppData\Local\Programs\Microsoft VS Code\bin;C:\Program Files\Java\jdk-11.19\bin
Check launcher:	C:\Program Files\Java\jdk-11.19\bin\javaw.exe (OK)
Version string: 1.011.000_019 / 64-Bit (OK)
Launcher:	C:\Program Files\Java\jdk-11.19\bin\javaw.exe
Launcher args:	-jar "D:\IdeaProjects\CarouselFilms\out\artifacts\CarouselFilms_jar\CarouselFilms.exe"
Args length:	86/32768 chars
Exit code:	0


Version:	3.50
CmdLine:	D:\IdeaProjects\CarouselFilms\out\artifacts\CarouselFilms_jar\CarouselFilms.exe --l4j-debug
JNI:		No
WOW64:		Yes
Working dir:	D:\IdeaProjects\CarouselFilms\out\artifacts\CarouselFilms_jar\.
Requires JDK:	No
Requires 64-Bit: No
Java min ver:	1.006.000_022
Java max ver:	
Substitute:	JAVA_HOME = C:\Program Files\Java\jdk-11.19
Substitute:	PATH = C:\Program Files\Common Files\Oracle\Java\javapath;C:\Windows\system32;C:\Windows;C:\Windows\System32\Wbem;C:\Windows\System32\WindowsPowerShell\v1.0\;C:\Windows\System32\OpenSSH\;C:\Program Files\dotnet\;C:\msys64\mingw64\bin;C:\Program Files\Git\cmd;C:\apache-maven-3.8.6\bin;C:\commons-lang3-3.12.0;C:\ProgramData\chocolatey\bin;C:\Program Files\Java\jdk11.19\bin;C:\Program Files\PowerShell\7-preview\preview;C:\Program Files\PowerShell\7\;C:\Users\Anem\AppData\Local\Microsoft\WindowsApps;C:\apache-maven-3.8.6;C:\commons-lang3-3.12.0;D:\drivers;C:\Program Files\Java\jdk-11.19\bin;;C:\Users\Anem\AppData\Local\Programs\Microsoft VS Code\bin;C:\Program Files\Java\jdk-11.19\bin
JRE paths:	C:\Program Files\Java\jdk-11.19;C:\Program Files\Common Files\Oracle\Java\javapath;C:\Windows\system32;C:\Windows;C:\Windows\System32\Wbem;C:\Windows\System32\WindowsPowerShell\v1.0\;C:\Windows\System32\OpenSSH\;C:\Program Files\dotnet\;C:\msys64\mingw64\bin;C:\Program Files\Git\cmd;C:\apache-maven-3.8.6\bin;C:\commons-lang3-3.12.0;C:\ProgramData\chocolatey\bin;C:\Program Files\Java\jdk11.19\bin;C:\Program Files\PowerShell\7-preview\preview;C:\Program Files\PowerShell\7\;C:\Users\Anem\AppData\Local\Microsoft\WindowsApps;C:\apache-maven-3.8.6;C:\commons-lang3-3.12.0;D:\drivers;C:\Program Files\Java\jdk-11.19\bin;;C:\Users\Anem\AppData\Local\Programs\Microsoft VS Code\bin;C:\Program Files\Java\jdk-11.19\bin
Check launcher:	C:\Program Files\Java\jdk-11.19\bin\javaw.exe (OK)
Version string: 1.011.000_019 / 64-Bit (OK)
Launcher:	C:\Program Files\Java\jdk-11.19\bin\javaw.exe
Launcher args:	-jar "D:\IdeaProjects\CarouselFilms\out\artifacts\CarouselFilms_jar\CarouselFilms.exe"
Args length:	86/32768 chars
Exit code:	0


Version:	3.50
CmdLine:	D:\IdeaProjects\CarouselFilms\out\artifacts\CarouselFilms_jar\CarouselFilms.exe --l4j-debug
JNI:		No
WOW64:		Yes
Working dir:	D:\IdeaProjects\CarouselFilms\out\artifacts\CarouselFilms_jar\.
Requires JDK:	No
Requires 64-Bit: No
Java min ver:	1.006.000_022
Java max ver:	
Substitute:	JAVA_HOME = C:\Program Files\Java\jdk-11.19
Substitute:	PATH = C:\Program Files\Common Files\Oracle\Java\javapath;C:\Windows\system32;C:\Windows;C:\Windows\System32\Wbem;C:\Windows\System32\WindowsPowerShell\v1.0\;C:\Windows\System32\OpenSSH\;C:\Program Files\dotnet\;C:\msys64\mingw64\bin;C:\Program Files\Git\cmd;C:\apache-maven-3.8.6\bin;C:\commons-lang3-3.12.0;C:\ProgramData\chocolatey\bin;C:\Program Files\Java\jdk11.19\bin;C:\Program Files\PowerShell\7-preview\preview;C:\Program Files\PowerShell\7\;C:\Users\Anem\AppData\Local\Microsoft\WindowsApps;C:\apache-maven-3.8.6;C:\commons-lang3-3.12.0;D:\drivers;C:\Program Files\Java\jdk-11.19\bin;;C:\Users\Anem\AppData\Local\Programs\Microsoft VS Code\bin;C:\Program Files\Java\jdk-11.19\bin
JRE paths:	C:\Program Files\Java\jdk-11.19;C:\Program Files\Common Files\Oracle\Java\javapath;C:\Windows\system32;C:\Windows;C:\Windows\System32\Wbem;C:\Windows\System32\WindowsPowerShell\v1.0\;C:\Windows\System32\OpenSSH\;C:\Program Files\dotnet\;C:\msys64\mingw64\bin;C:\Program Files\Git\cmd;C:\apache-maven-3.8.6\bin;C:\commons-lang3-3.12.0;C:\ProgramData\chocolatey\bin;C:\Program Files\Java\jdk11.19\bin;C:\Program Files\PowerShell\7-preview\preview;C:\Program Files\PowerShell\7\;C:\Users\Anem\AppData\Local\Microsoft\WindowsApps;C:\apache-maven-3.8.6;C:\commons-lang3-3.12.0;D:\drivers;C:\Program Files\Java\jdk-11.19\bin;;C:\Users\Anem\AppData\Local\Programs\Microsoft VS Code\bin;C:\Program Files\Java\jdk-11.19\bin
Check launcher:	C:\Program Files\Java\jdk-11.19\bin\javaw.exe (OK)
Version string: 1.011.000_019 / 64-Bit (OK)
Launcher:	C:\Program Files\Java\jdk-11.19\bin\javaw.exe
Launcher args:	-jar "D:\IdeaProjects\CarouselFilms\out\artifacts\CarouselFilms_jar\CarouselFilms.exe"
Args length:	86/32768 chars
Exit code:	0


Version:	3.50
CmdLine:	D:\IdeaProjects\CarouselFilms\out\artifacts\CarouselFilms_jar\CarouselFilms.exe --l4j-debug
JNI:		No
WOW64:		Yes
Working dir:	D:\IdeaProjects\CarouselFilms\out\artifacts\CarouselFilms_jar\.
Requires JDK:	No
Requires 64-Bit: No
Java min ver:	1.006.000_022
Java max ver:	
Substitute:	JAVA_HOME = C:\Program Files\Java\jdk-11.19
Substitute:	PATH = C:\Program Files\Common Files\Oracle\Java\javapath;C:\Windows\system32;C:\Windows;C:\Windows\System32\Wbem;C:\Windows\System32\WindowsPowerShell\v1.0\;C:\Windows\System32\OpenSSH\;C:\Program Files\dotnet\;C:\msys64\mingw64\bin;C:\Program Files\Git\cmd;C:\apache-maven-3.8.6\bin;C:\commons-lang3-3.12.0;C:\ProgramData\chocolatey\bin;C:\Program Files\Java\jdk11.19\bin;C:\Program Files\PowerShell\7-preview\preview;C:\Program Files\PowerShell\7\;C:\Users\Anem\AppData\Local\Microsoft\WindowsApps;C:\apache-maven-3.8.6;C:\commons-lang3-3.12.0;D:\drivers;C:\Program Files\Java\jdk-11.19\bin;;C:\Users\Anem\AppData\Local\Programs\Microsoft VS Code\bin;C:\Program Files\Java\jdk-11.19\bin
JRE paths:	C:\Program Files\Java\jdk-11.19;C:\Program Files\Common Files\Oracle\Java\javapath;C:\Windows\system32;C:\Windows;C:\Windows\System32\Wbem;C:\Windows\System32\WindowsPowerShell\v1.0\;C:\Windows\System32\OpenSSH\;C:\Program Files\dotnet\;C:\msys64\mingw64\bin;C:\Program Files\Git\cmd;C:\apache-maven-3.8.6\bin;C:\commons-lang3-3.12.0;C:\ProgramData\chocolatey\bin;C:\Program Files\Java\jdk11.19\bin;C:\Program Files\PowerShell\7-preview\preview;C:\Program Files\PowerShell\7\;C:\Users\Anem\AppData\Local\Microsoft\WindowsApps;C:\apache-maven-3.8.6;C:\commons-lang3-3.12.0;D:\drivers;C:\Program Files\Java\jdk-11.19\bin;;C:\Users\Anem\AppData\Local\Programs\Microsoft VS Code\bin;C:\Program Files\Java\jdk-11.19\bin
Check launcher:	C:\Program Files\Java\jdk-11.19\bin\javaw.exe (OK)
Version string: 1.011.000_019 / 64-Bit (OK)
Launcher:	C:\Program Files\Java\jdk-11.19\bin\javaw.exe
Launcher args:	-jar "D:\IdeaProjects\CarouselFilms\out\artifacts\CarouselFilms_jar\CarouselFilms.exe"
Args length:	86/32768 chars
Exit code:	0


Version:	3.50
CmdLine:	D:\IdeaProjects\CarouselFilms\out\artifacts\CarouselFilms_jar\CarouselFilms.exe --l4j-debug
JNI:		No
WOW64:		Yes
Working dir:	D:\IdeaProjects\CarouselFilms\out\artifacts\CarouselFilms_jar\.
Requires JDK:	No
Requires 64-Bit: No
Java min ver:	1.006.000_022
Java max ver:	
Substitute:	JAVA_HOME = C:\Program Files\Java\jdk-11.19
Substitute:	PATH = C:\Program Files\Common Files\Oracle\Java\javapath;C:\Windows\system32;C:\Windows;C:\Windows\System32\Wbem;C:\Windows\System32\WindowsPowerShell\v1.0\;C:\Windows\System32\OpenSSH\;C:\Program Files\dotnet\;C:\msys64\mingw64\bin;C:\Program Files\Git\cmd;C:\apache-maven-3.8.6\bin;C:\commons-lang3-3.12.0;C:\ProgramData\chocolatey\bin;C:\Program Files\Java\jdk11.19\bin;C:\Program Files\PowerShell\7-preview\preview;C:\Program Files\PowerShell\7\;C:\Users\Anem\AppData\Local\Microsoft\WindowsApps;C:\apache-maven-3.8.6;C:\commons-lang3-3.12.0;D:\drivers;C:\Program Files\Java\jdk-11.19\bin;;C:\Users\Anem\AppData\Local\Programs\Microsoft VS Code\bin;C:\Program Files\Java\jdk-11.19\bin
JRE paths:	C:\Program Files\Java\jdk-11.19;C:\Program Files\Common Files\Oracle\Java\javapath;C:\Windows\system32;C:\Windows;C:\Windows\System32\Wbem;C:\Windows\System32\WindowsPowerShell\v1.0\;C:\Windows\System32\OpenSSH\;C:\Program Files\dotnet\;C:\msys64\mingw64\bin;C:\Program Files\Git\cmd;C:\apache-maven-3.8.6\bin;C:\commons-lang3-3.12.0;C:\ProgramData\chocolatey\bin;C:\Program Files\Java\jdk11.19\bin;C:\Program Files\PowerShell\7-preview\preview;C:\Program Files\PowerShell\7\;C:\Users\Anem\AppData\Local\Microsoft\WindowsApps;C:\apache-maven-3.8.6;C:\commons-lang3-3.12.0;D:\drivers;C:\Program Files\Java\jdk-11.19\bin;;C:\Users\Anem\AppData\Local\Programs\Microsoft VS Code\bin;C:\Program Files\Java\jdk-11.19\bin
Check launcher:	C:\Program Files\Java\jdk-11.19\bin\javaw.exe (OK)
Version string: 1.011.000_019 / 64-Bit (OK)
Launcher:	C:\Program Files\Java\jdk-11.19\bin\javaw.exe
Launcher args:	-jar "D:\IdeaProjects\CarouselFilms\out\artifacts\CarouselFilms_jar\CarouselFilms.exe"
Args length:	86/32768 chars
Exit code:	0


Version:	3.50
CmdLine:	D:\IdeaProjects\CarouselFilms\out\artifacts\CarouselFilms_jar\CarouselFilms.exe --l4j-debug
JNI:		No
WOW64:		Yes
Working dir:	D:\IdeaProjects\CarouselFilms\out\artifacts\CarouselFilms_jar\.
Requires JDK:	No
Requires 64-Bit: No
Java min ver:	1.006.000_022
Java max ver:	
Substitute:	JAVA_HOME = C:\Program Files\Java\jdk-11.19
Substitute:	PATH = C:\Program Files\Common Files\Oracle\Java\javapath;C:\Windows\system32;C:\Windows;C:\Windows\System32\Wbem;C:\Windows\System32\WindowsPowerShell\v1.0\;C:\Windows\System32\OpenSSH\;C:\Program Files\dotnet\;C:\msys64\mingw64\bin;C:\Program Files\Git\cmd;C:\apache-maven-3.8.6\bin;C:\commons-lang3-3.12.0;C:\ProgramData\chocolatey\bin;C:\Program Files\Java\jdk11.19\bin;C:\Program Files\PowerShell\7-preview\preview;C:\Program Files\PowerShell\7\;C:\Users\Anem\AppData\Local\Microsoft\WindowsApps;C:\apache-maven-3.8.6;C:\commons-lang3-3.12.0;D:\drivers;C:\Program Files\Java\jdk-11.19\bin;;C:\Users\Anem\AppData\Local\Programs\Microsoft VS Code\bin;C:\Program Files\Java\jdk-11.19\bin
JRE paths:	C:\Program Files\Java\jdk-11.19;C:\Program Files\Common Files\Oracle\Java\javapath;C:\Windows\system32;C:\Windows;C:\Windows\System32\Wbem;C:\Windows\System32\WindowsPowerShell\v1.0\;C:\Windows\System32\OpenSSH\;C:\Program Files\dotnet\;C:\msys64\mingw64\bin;C:\Program Files\Git\cmd;C:\apache-maven-3.8.6\bin;C:\commons-lang3-3.12.0;C:\ProgramData\chocolatey\bin;C:\Program Files\Java\jdk11.19\bin;C:\Program Files\PowerShell\7-preview\preview;C:\Program Files\PowerShell\7\;C:\Users\Anem\AppData\Local\Microsoft\WindowsApps;C:\apache-maven-3.8.6;C:\commons-lang3-3.12.0;D:\drivers;C:\Program Files\Java\jdk-11.19\bin;;C:\Users\Anem\AppData\Local\Programs\Microsoft VS Code\bin;C:\Program Files\Java\jdk-11.19\bin
Check launcher:	C:\Program Files\Java\jdk-11.19\bin\javaw.exe (OK)
Version string: 1.011.000_019 / 64-Bit (OK)
Launcher:	C:\Program Files\Java\jdk-11.19\bin\javaw.exe
Launcher args:	-jar "D:\IdeaProjects\CarouselFilms\out\artifacts\CarouselFilms_jar\CarouselFilms.exe"
Args length:	86/32768 chars
Exit code:	0
